mode: set
github.com/Ulbora/Six910API-Go/category.go:32.81,38.16 6 1
github.com/Ulbora/Six910API-Go/category.go:47.2,48.13 2 1
github.com/Ulbora/Six910API-Go/category.go:38.16,43.13 5 1
github.com/Ulbora/Six910API-Go/category.go:43.13,45.4 1 1
github.com/Ulbora/Six910API-Go/category.go:52.82,58.16 6 1
github.com/Ulbora/Six910API-Go/category.go:67.2,68.13 2 1
github.com/Ulbora/Six910API-Go/category.go:58.16,63.14 5 1
github.com/Ulbora/Six910API-Go/category.go:63.14,65.4 1 1
github.com/Ulbora/Six910API-Go/category.go:72.76,86.2 11 1
github.com/Ulbora/Six910API-Go/category.go:89.84,103.2 10 1
github.com/Ulbora/Six910API-Go/category.go:106.72,120.2 10 1
github.com/Ulbora/Six910API-Go/category.go:123.88,137.2 9 1
github.com/Ulbora/Six910API-Go/category.go:140.74,154.2 11 1
github.com/Ulbora/Six910API-Go/excludedSubRegion.go:38.99,46.16 8 1
github.com/Ulbora/Six910API-Go/excludedSubRegion.go:55.2,56.13 2 1
github.com/Ulbora/Six910API-Go/excludedSubRegion.go:46.16,51.13 5 1
github.com/Ulbora/Six910API-Go/excludedSubRegion.go:51.13,53.4 1 1
github.com/Ulbora/Six910API-Go/excludedSubRegion.go:60.106,75.2 11 1
github.com/Ulbora/Six910API-Go/excludedSubRegion.go:78.99,93.2 12 1
github.com/Ulbora/Six910API-Go/insurance.go:32.83,38.16 6 1
github.com/Ulbora/Six910API-Go/insurance.go:47.2,48.13 2 1
github.com/Ulbora/Six910API-Go/insurance.go:38.16,43.15 5 1
github.com/Ulbora/Six910API-Go/insurance.go:43.15,45.4 1 1
github.com/Ulbora/Six910API-Go/insurance.go:52.84,58.16 6 1
github.com/Ulbora/Six910API-Go/insurance.go:67.2,68.13 2 1
github.com/Ulbora/Six910API-Go/insurance.go:58.16,63.16 5 1
github.com/Ulbora/Six910API-Go/insurance.go:63.16,65.4 1 1
github.com/Ulbora/Six910API-Go/insurance.go:72.78,86.2 11 1
github.com/Ulbora/Six910API-Go/insurance.go:89.74,103.2 10 1
github.com/Ulbora/Six910API-Go/insurance.go:106.75,120.2 11 1
github.com/Ulbora/Six910API-Go/store.go:31.75,36.16 5 1
github.com/Ulbora/Six910API-Go/store.go:45.2,46.13 2 1
github.com/Ulbora/Six910API-Go/store.go:36.16,41.15 5 1
github.com/Ulbora/Six910API-Go/store.go:41.15,43.4 1 1
github.com/Ulbora/Six910API-Go/store.go:50.76,55.16 5 1
github.com/Ulbora/Six910API-Go/store.go:64.2,65.13 2 1
github.com/Ulbora/Six910API-Go/store.go:55.16,60.15 5 1
github.com/Ulbora/Six910API-Go/store.go:60.15,62.4 1 1
github.com/Ulbora/Six910API-Go/store.go:69.94,80.2 8 1
github.com/Ulbora/Six910API-Go/store.go:83.95,94.2 8 1
github.com/Ulbora/Six910API-Go/cartItem.go:39.93,48.16 9 1
github.com/Ulbora/Six910API-Go/cartItem.go:57.2,58.13 2 1
github.com/Ulbora/Six910API-Go/cartItem.go:48.16,53.14 5 1
github.com/Ulbora/Six910API-Go/cartItem.go:53.14,55.4 1 1
github.com/Ulbora/Six910API-Go/cartItem.go:62.94,71.16 9 1
github.com/Ulbora/Six910API-Go/cartItem.go:80.2,81.13 2 1
github.com/Ulbora/Six910API-Go/cartItem.go:71.16,76.14 5 1
github.com/Ulbora/Six910API-Go/cartItem.go:76.14,78.4 1 1
github.com/Ulbora/Six910API-Go/cartItem.go:85.91,99.2 12 1
github.com/Ulbora/Six910API-Go/cartItem.go:102.97,118.2 12 1
github.com/Ulbora/Six910API-Go/cartItem.go:121.102,137.2 11 1
github.com/Ulbora/Six910API-Go/customerUser.go:30.74,36.16 6 1
github.com/Ulbora/Six910API-Go/customerUser.go:45.2,46.13 2 1
github.com/Ulbora/Six910API-Go/customerUser.go:36.16,41.14 5 1
github.com/Ulbora/Six910API-Go/customerUser.go:41.14,43.4 1 1
github.com/Ulbora/Six910API-Go/customerUser.go:50.69,56.16 6 1
github.com/Ulbora/Six910API-Go/customerUser.go:65.2,66.13 2 1
github.com/Ulbora/Six910API-Go/customerUser.go:56.16,61.14 5 1
github.com/Ulbora/Six910API-Go/customerUser.go:61.14,63.4 1 1
github.com/Ulbora/Six910API-Go/customerUser.go:70.70,84.2 10 1
github.com/Ulbora/Six910API-Go/customerUser.go:87.69,101.2 10 1
github.com/Ulbora/Six910API-Go/customerUser.go:104.72,118.2 10 1
github.com/Ulbora/Six910API-Go/customerUser.go:121.85,136.2 11 1
github.com/Ulbora/Six910API-Go/orderItem.go:38.83,46.16 8 1
github.com/Ulbora/Six910API-Go/orderItem.go:55.2,56.13 2 1
github.com/Ulbora/Six910API-Go/orderItem.go:46.16,51.14 5 1
github.com/Ulbora/Six910API-Go/orderItem.go:51.14,53.4 1 1
github.com/Ulbora/Six910API-Go/orderItem.go:60.84,68.16 8 1
github.com/Ulbora/Six910API-Go/orderItem.go:77.2,78.13 2 1
github.com/Ulbora/Six910API-Go/orderItem.go:68.16,73.14 5 1
github.com/Ulbora/Six910API-Go/orderItem.go:73.14,75.4 1 1
github.com/Ulbora/Six910API-Go/orderItem.go:82.78,96.2 11 1
github.com/Ulbora/Six910API-Go/orderItem.go:99.89,114.2 11 1
github.com/Ulbora/Six910API-Go/orderItem.go:117.75,131.2 11 1
github.com/Ulbora/Six910API-Go/productCategory.go:38.94,46.16 8 1
github.com/Ulbora/Six910API-Go/productCategory.go:55.2,56.13 2 1
github.com/Ulbora/Six910API-Go/productCategory.go:46.16,51.14 5 1
github.com/Ulbora/Six910API-Go/productCategory.go:51.14,53.4 1 1
github.com/Ulbora/Six910API-Go/productCategory.go:60.87,74.2 9 1
github.com/Ulbora/Six910API-Go/productCategory.go:77.97,92.2 12 1
github.com/Ulbora/Six910API-Go/shippingItem.go:38.90,46.16 8 1
github.com/Ulbora/Six910API-Go/shippingItem.go:55.2,56.13 2 1
github.com/Ulbora/Six910API-Go/shippingItem.go:46.16,51.14 5 1
github.com/Ulbora/Six910API-Go/shippingItem.go:51.14,53.4 1 1
github.com/Ulbora/Six910API-Go/shippingItem.go:60.91,68.16 8 1
github.com/Ulbora/Six910API-Go/shippingItem.go:77.2,78.13 2 1
github.com/Ulbora/Six910API-Go/shippingItem.go:68.16,73.14 5 1
github.com/Ulbora/Six910API-Go/shippingItem.go:73.14,75.4 1 1
github.com/Ulbora/Six910API-Go/shippingItem.go:82.84,96.2 11 1
github.com/Ulbora/Six910API-Go/shippingItem.go:99.98,114.2 11 1
github.com/Ulbora/Six910API-Go/shippingItem.go:117.120,133.2 12 1
github.com/Ulbora/Six910API-Go/shippingItem.go:136.78,150.2 11 1
github.com/Ulbora/Six910API-Go/distributor.go:32.87,38.16 6 1
github.com/Ulbora/Six910API-Go/distributor.go:47.2,48.13 2 1
github.com/Ulbora/Six910API-Go/distributor.go:38.16,43.15 5 1
github.com/Ulbora/Six910API-Go/distributor.go:43.15,45.4 1 1
github.com/Ulbora/Six910API-Go/distributor.go:52.88,58.16 6 1
github.com/Ulbora/Six910API-Go/distributor.go:67.2,68.13 2 1
github.com/Ulbora/Six910API-Go/distributor.go:58.16,63.15 5 1
github.com/Ulbora/Six910API-Go/distributor.go:63.15,65.4 1 1
github.com/Ulbora/Six910API-Go/distributor.go:72.82,86.2 11 1
github.com/Ulbora/Six910API-Go/distributor.go:89.78,103.2 10 1
github.com/Ulbora/Six910API-Go/distributor.go:106.77,120.2 11 1
github.com/Ulbora/Six910API-Go/plugins.go:32.78,37.16 5 1
github.com/Ulbora/Six910API-Go/plugins.go:46.2,47.13 2 1
github.com/Ulbora/Six910API-Go/plugins.go:37.16,42.14 5 1
github.com/Ulbora/Six910API-Go/plugins.go:42.14,44.4 1 1
github.com/Ulbora/Six910API-Go/plugins.go:51.79,56.16 5 1
github.com/Ulbora/Six910API-Go/plugins.go:65.2,66.13 2 1
github.com/Ulbora/Six910API-Go/plugins.go:56.16,61.14 5 1
github.com/Ulbora/Six910API-Go/plugins.go:61.14,63.4 1 1
github.com/Ulbora/Six910API-Go/plugins.go:70.73,82.2 9 1
github.com/Ulbora/Six910API-Go/plugins.go:85.93,99.2 10 1
github.com/Ulbora/Six910API-Go/plugins.go:102.72,114.2 9 1
github.com/Ulbora/Six910API-Go/productSearch.go:30.102,43.2 10 1
github.com/Ulbora/Six910API-Go/productSearch.go:47.60,63.2 12 1
github.com/Ulbora/Six910API-Go/productSearch.go:66.96,80.2 11 1
github.com/Ulbora/Six910API-Go/productSearch.go:84.60,101.2 13 1
github.com/Ulbora/Six910API-Go/shipment.go:38.81,47.16 9 1
github.com/Ulbora/Six910API-Go/shipment.go:56.2,57.13 2 1
github.com/Ulbora/Six910API-Go/shipment.go:47.16,52.14 5 1
github.com/Ulbora/Six910API-Go/shipment.go:52.14,54.4 1 1
github.com/Ulbora/Six910API-Go/shipment.go:61.82,69.16 8 1
github.com/Ulbora/Six910API-Go/shipment.go:78.2,79.13 2 1
github.com/Ulbora/Six910API-Go/shipment.go:69.16,74.14 5 1
github.com/Ulbora/Six910API-Go/shipment.go:74.14,76.4 1 1
github.com/Ulbora/Six910API-Go/shipment.go:83.76,97.2 11 1
github.com/Ulbora/Six910API-Go/shipment.go:100.87,115.2 11 1
github.com/Ulbora/Six910API-Go/shipment.go:118.74,132.2 11 1
github.com/Ulbora/Six910API-Go/shipmentBox.go:38.88,46.16 8 1
github.com/Ulbora/Six910API-Go/shipmentBox.go:55.2,56.13 2 1
github.com/Ulbora/Six910API-Go/shipmentBox.go:46.16,51.14 5 1
github.com/Ulbora/Six910API-Go/shipmentBox.go:51.14,53.4 1 1
github.com/Ulbora/Six910API-Go/shipmentBox.go:60.89,68.16 8 1
github.com/Ulbora/Six910API-Go/shipmentBox.go:77.2,78.13 2 1
github.com/Ulbora/Six910API-Go/shipmentBox.go:68.16,73.14 5 1
github.com/Ulbora/Six910API-Go/shipmentBox.go:73.14,75.4 1 1
github.com/Ulbora/Six910API-Go/shipmentBox.go:82.82,96.2 11 1
github.com/Ulbora/Six910API-Go/shipmentBox.go:99.96,114.2 11 1
github.com/Ulbora/Six910API-Go/shipmentBox.go:117.77,131.2 11 1
github.com/Ulbora/Six910API-Go/datastore.go:32.91,38.16 6 1
github.com/Ulbora/Six910API-Go/datastore.go:47.2,48.13 2 1
github.com/Ulbora/Six910API-Go/datastore.go:38.16,43.14 5 1
github.com/Ulbora/Six910API-Go/datastore.go:43.14,45.4 1 1
github.com/Ulbora/Six910API-Go/datastore.go:52.94,58.16 6 1
github.com/Ulbora/Six910API-Go/datastore.go:67.2,68.13 2 1
github.com/Ulbora/Six910API-Go/datastore.go:58.16,63.14 5 1
github.com/Ulbora/Six910API-Go/datastore.go:63.14,65.4 1 1
github.com/Ulbora/Six910API-Go/datastore.go:72.100,85.2 10 1
github.com/Ulbora/Six910API-Go/instance.go:32.80,38.16 6 1
github.com/Ulbora/Six910API-Go/instance.go:47.2,48.13 2 1
github.com/Ulbora/Six910API-Go/instance.go:38.16,43.15 5 1
github.com/Ulbora/Six910API-Go/instance.go:43.15,45.4 1 1
github.com/Ulbora/Six910API-Go/instance.go:52.83,58.16 6 1
github.com/Ulbora/Six910API-Go/instance.go:67.2,68.13 2 1
github.com/Ulbora/Six910API-Go/instance.go:58.16,63.15 5 1
github.com/Ulbora/Six910API-Go/instance.go:63.15,65.4 1 1
github.com/Ulbora/Six910API-Go/instance.go:72.102,85.2 10 1
github.com/Ulbora/Six910API-Go/instance.go:88.95,102.2 10 1
github.com/Ulbora/Six910API-Go/subRegion.go:38.83,46.16 8 1
github.com/Ulbora/Six910API-Go/subRegion.go:55.2,56.13 2 1
github.com/Ulbora/Six910API-Go/subRegion.go:46.16,51.14 5 1
github.com/Ulbora/Six910API-Go/subRegion.go:51.14,53.4 1 1
github.com/Ulbora/Six910API-Go/subRegion.go:60.84,68.16 8 1
github.com/Ulbora/Six910API-Go/subRegion.go:77.2,78.13 2 1
github.com/Ulbora/Six910API-Go/subRegion.go:68.16,73.14 5 1
github.com/Ulbora/Six910API-Go/subRegion.go:73.14,75.4 1 1
github.com/Ulbora/Six910API-Go/subRegion.go:82.78,96.2 11 1
github.com/Ulbora/Six910API-Go/subRegion.go:99.90,114.2 11 1
github.com/Ulbora/Six910API-Go/subRegion.go:117.75,131.2 11 1
github.com/Ulbora/Six910API-Go/customer.go:32.81,38.16 6 1
github.com/Ulbora/Six910API-Go/customer.go:47.2,48.13 2 1
github.com/Ulbora/Six910API-Go/customer.go:38.16,43.14 5 1
github.com/Ulbora/Six910API-Go/customer.go:43.14,45.4 1 1
github.com/Ulbora/Six910API-Go/customer.go:52.82,58.16 6 1
github.com/Ulbora/Six910API-Go/customer.go:67.2,68.13 2 1
github.com/Ulbora/Six910API-Go/customer.go:58.16,63.15 5 1
github.com/Ulbora/Six910API-Go/customer.go:63.15,65.4 1 1
github.com/Ulbora/Six910API-Go/customer.go:72.80,85.2 10 1
github.com/Ulbora/Six910API-Go/customer.go:88.78,102.2 11 1
github.com/Ulbora/Six910API-Go/customer.go:105.96,121.2 12 1
github.com/Ulbora/Six910API-Go/customer.go:124.74,138.2 11 1
github.com/Ulbora/Six910API-Go/dataStoreWriteLock.go:32.99,38.16 6 1
github.com/Ulbora/Six910API-Go/dataStoreWriteLock.go:47.2,48.13 2 1
github.com/Ulbora/Six910API-Go/dataStoreWriteLock.go:38.16,43.14 5 1
github.com/Ulbora/Six910API-Go/dataStoreWriteLock.go:43.14,45.4 1 1
github.com/Ulbora/Six910API-Go/dataStoreWriteLock.go:52.102,58.16 6 1
github.com/Ulbora/Six910API-Go/dataStoreWriteLock.go:67.2,68.13 2 1
github.com/Ulbora/Six910API-Go/dataStoreWriteLock.go:58.16,63.14 5 1
github.com/Ulbora/Six910API-Go/dataStoreWriteLock.go:63.14,65.4 1 1
github.com/Ulbora/Six910API-Go/dataStoreWriteLock.go:72.104,85.2 10 1
github.com/Ulbora/Six910API-Go/includedSubRegion.go:38.99,46.16 8 1
github.com/Ulbora/Six910API-Go/includedSubRegion.go:55.2,56.13 2 1
github.com/Ulbora/Six910API-Go/includedSubRegion.go:46.16,51.13 5 1
github.com/Ulbora/Six910API-Go/includedSubRegion.go:51.13,53.4 1 1
github.com/Ulbora/Six910API-Go/includedSubRegion.go:60.106,75.2 11 1
github.com/Ulbora/Six910API-Go/includedSubRegion.go:78.99,93.2 12 1
github.com/Ulbora/Six910API-Go/shippingMethod.go:32.93,38.16 6 1
github.com/Ulbora/Six910API-Go/shippingMethod.go:47.2,48.13 2 1
github.com/Ulbora/Six910API-Go/shippingMethod.go:38.16,43.14 5 1
github.com/Ulbora/Six910API-Go/shippingMethod.go:43.14,45.4 1 1
github.com/Ulbora/Six910API-Go/shippingMethod.go:52.94,58.16 6 1
github.com/Ulbora/Six910API-Go/shippingMethod.go:67.2,68.13 2 1
github.com/Ulbora/Six910API-Go/shippingMethod.go:58.16,63.14 5 1
github.com/Ulbora/Six910API-Go/shippingMethod.go:63.14,65.4 1 1
github.com/Ulbora/Six910API-Go/shippingMethod.go:72.88,86.2 11 1
github.com/Ulbora/Six910API-Go/shippingMethod.go:89.84,103.2 10 1
github.com/Ulbora/Six910API-Go/shippingMethod.go:106.80,120.2 11 1
github.com/Ulbora/Six910API-Go/user.go:29.72,35.16 6 1
github.com/Ulbora/Six910API-Go/user.go:44.2,45.13 2 1
github.com/Ulbora/Six910API-Go/user.go:35.16,40.15 5 1
github.com/Ulbora/Six910API-Go/user.go:40.15,42.4 1 1
github.com/Ulbora/Six910API-Go/user.go:49.75,55.16 6 1
github.com/Ulbora/Six910API-Go/user.go:64.2,65.13 2 1
github.com/Ulbora/Six910API-Go/user.go:55.16,60.15 5 1
github.com/Ulbora/Six910API-Go/user.go:60.15,62.4 1 1
github.com/Ulbora/Six910API-Go/address.go:38.80,47.16 8 1
github.com/Ulbora/Six910API-Go/address.go:56.2,57.13 2 1
github.com/Ulbora/Six910API-Go/address.go:47.16,52.11 5 1
github.com/Ulbora/Six910API-Go/address.go:52.11,54.4 1 1
github.com/Ulbora/Six910API-Go/address.go:61.81,70.16 8 1
github.com/Ulbora/Six910API-Go/address.go:79.2,80.13 2 1
github.com/Ulbora/Six910API-Go/address.go:70.16,75.13 5 1
github.com/Ulbora/Six910API-Go/address.go:75.13,77.4 1 1
github.com/Ulbora/Six910API-Go/address.go:84.85,100.2 12 1
github.com/Ulbora/Six910API-Go/address.go:103.81,118.2 11 1
github.com/Ulbora/Six910API-Go/address.go:121.84,137.2 12 1
github.com/Ulbora/Six910API-Go/orderTransaction.go:38.97,46.16 8 1
github.com/Ulbora/Six910API-Go/orderTransaction.go:55.2,56.13 2 1
github.com/Ulbora/Six910API-Go/orderTransaction.go:46.16,51.14 5 1
github.com/Ulbora/Six910API-Go/orderTransaction.go:51.14,53.4 1 1
github.com/Ulbora/Six910API-Go/orderTransaction.go:60.103,75.2 11 1
github.com/Ulbora/Six910API-Go/paymentGateway.go:38.95,46.16 8 1
github.com/Ulbora/Six910API-Go/paymentGateway.go:55.2,56.13 2 1
github.com/Ulbora/Six910API-Go/paymentGateway.go:46.16,51.14 5 1
github.com/Ulbora/Six910API-Go/paymentGateway.go:51.14,53.4 1 1
github.com/Ulbora/Six910API-Go/paymentGateway.go:60.96,68.16 8 1
github.com/Ulbora/Six910API-Go/paymentGateway.go:77.2,78.13 2 1
github.com/Ulbora/Six910API-Go/paymentGateway.go:68.16,73.14 5 1
github.com/Ulbora/Six910API-Go/paymentGateway.go:73.14,75.4 1 1
github.com/Ulbora/Six910API-Go/paymentGateway.go:82.88,96.2 11 1
github.com/Ulbora/Six910API-Go/paymentGateway.go:99.81,113.2 10 1
github.com/Ulbora/Six910API-Go/paymentGateway.go:116.80,130.2 11 1
github.com/Ulbora/Six910API-Go/six910Api.go:45.34,54.2 6 1
github.com/Ulbora/Six910API-Go/six910Api.go:56.107,59.20 3 1
github.com/Ulbora/Six910API-Go/six910Api.go:62.2,64.37 3 1
github.com/Ulbora/Six910API-Go/six910Api.go:70.2,71.16 2 1
github.com/Ulbora/Six910API-Go/six910Api.go:77.2,77.12 1 1
github.com/Ulbora/Six910API-Go/six910Api.go:59.20,61.3 1 1
github.com/Ulbora/Six910API-Go/six910Api.go:64.37,67.3 2 1
github.com/Ulbora/Six910API-Go/six910Api.go:67.8,69.3 1 1
github.com/Ulbora/Six910API-Go/six910Api.go:71.16,72.37 1 1
github.com/Ulbora/Six910API-Go/six910Api.go:72.37,75.4 2 1
github.com/Ulbora/Six910API-Go/six910Api.go:80.56,81.20 1 1
github.com/Ulbora/Six910API-Go/six910Api.go:92.2,93.18 2 1
github.com/Ulbora/Six910API-Go/six910Api.go:81.20,88.10 7 1
github.com/Ulbora/Six910API-Go/six910Api.go:88.10,90.4 1 1
github.com/Ulbora/Six910API-Go/six910Api.go:97.44,99.2 1 1
github.com/Ulbora/Six910API-Go/six910Api.go:102.68,105.2 2 1
github.com/Ulbora/Six910API-Go/six910Api.go:108.44,110.2 1 1
github.com/Ulbora/Six910API-Go/six910Api.go:113.43,115.2 1 1
github.com/Ulbora/Six910API-Go/six910Api.go:118.51,120.2 1 1
github.com/Ulbora/Six910API-Go/six910Api.go:123.43,125.2 1 1
github.com/Ulbora/Six910API-Go/visitor.go:32.75,38.16 6 1
github.com/Ulbora/Six910API-Go/visitor.go:47.2,48.13 2 1
github.com/Ulbora/Six910API-Go/visitor.go:38.16,43.14 5 1
github.com/Ulbora/Six910API-Go/visitor.go:43.14,45.4 1 1
github.com/Ulbora/Six910API-Go/visitor.go:52.74,66.2 10 1
github.com/Ulbora/Six910API-Go/cart.go:32.73,38.16 6 1
github.com/Ulbora/Six910API-Go/cart.go:47.2,48.13 2 1
github.com/Ulbora/Six910API-Go/cart.go:38.16,43.13 5 1
github.com/Ulbora/Six910API-Go/cart.go:43.13,45.4 1 1
github.com/Ulbora/Six910API-Go/cart.go:52.74,58.16 6 1
github.com/Ulbora/Six910API-Go/cart.go:67.2,68.13 2 1
github.com/Ulbora/Six910API-Go/cart.go:58.16,63.13 5 1
github.com/Ulbora/Six910API-Go/cart.go:63.13,65.4 1 1
github.com/Ulbora/Six910API-Go/cart.go:72.69,86.2 11 1
github.com/Ulbora/Six910API-Go/cart.go:89.81,104.2 12 1
github.com/Ulbora/Six910API-Go/orderComment.go:38.90,46.16 8 1
github.com/Ulbora/Six910API-Go/orderComment.go:55.2,56.13 2 1
github.com/Ulbora/Six910API-Go/orderComment.go:46.16,51.14 5 1
github.com/Ulbora/Six910API-Go/orderComment.go:51.14,53.4 1 1
github.com/Ulbora/Six910API-Go/orderComment.go:60.95,75.2 11 1
github.com/Ulbora/Six910API-Go/region.go:32.77,38.16 6 1
github.com/Ulbora/Six910API-Go/region.go:47.2,48.13 2 1
github.com/Ulbora/Six910API-Go/region.go:38.16,43.14 5 1
github.com/Ulbora/Six910API-Go/region.go:43.14,45.4 1 1
github.com/Ulbora/Six910API-Go/region.go:52.78,58.16 6 1
github.com/Ulbora/Six910API-Go/region.go:67.2,68.13 2 1
github.com/Ulbora/Six910API-Go/region.go:58.16,63.14 5 1
github.com/Ulbora/Six910API-Go/region.go:63.14,65.4 1 1
github.com/Ulbora/Six910API-Go/region.go:72.72,86.2 11 1
github.com/Ulbora/Six910API-Go/region.go:89.68,103.2 10 1
github.com/Ulbora/Six910API-Go/region.go:106.72,120.2 11 1
github.com/Ulbora/Six910API-Go/shippingCarrier.go:32.95,38.16 6 1
github.com/Ulbora/Six910API-Go/shippingCarrier.go:47.2,48.13 2 1
github.com/Ulbora/Six910API-Go/shippingCarrier.go:38.16,43.14 5 1
github.com/Ulbora/Six910API-Go/shippingCarrier.go:43.14,45.4 1 1
github.com/Ulbora/Six910API-Go/shippingCarrier.go:52.96,58.16 6 1
github.com/Ulbora/Six910API-Go/shippingCarrier.go:67.2,68.13 2 1
github.com/Ulbora/Six910API-Go/shippingCarrier.go:58.16,63.14 5 1
github.com/Ulbora/Six910API-Go/shippingCarrier.go:63.14,65.4 1 1
github.com/Ulbora/Six910API-Go/shippingCarrier.go:72.90,86.2 11 1
github.com/Ulbora/Six910API-Go/shippingCarrier.go:89.86,103.2 10 1
github.com/Ulbora/Six910API-Go/shippingCarrier.go:106.81,120.2 11 1
github.com/Ulbora/Six910API-Go/zoneZip.go:38.79,46.16 8 1
github.com/Ulbora/Six910API-Go/zoneZip.go:55.2,56.13 2 1
github.com/Ulbora/Six910API-Go/zoneZip.go:46.16,51.14 5 1
github.com/Ulbora/Six910API-Go/zoneZip.go:51.14,53.4 1 1
github.com/Ulbora/Six910API-Go/zoneZip.go:60.93,75.2 11 1
github.com/Ulbora/Six910API-Go/zoneZip.go:78.94,93.2 11 1
github.com/Ulbora/Six910API-Go/zoneZip.go:96.98,112.2 13 1
github.com/Ulbora/Six910API-Go/api.go:79.49,82.22 3 1
github.com/Ulbora/Six910API-Go/api.go:85.2,85.24 1 1
github.com/Ulbora/Six910API-Go/api.go:82.22,84.3 1 1
github.com/Ulbora/Six910API-Go/order.go:32.75,38.16 6 1
github.com/Ulbora/Six910API-Go/order.go:47.2,48.13 2 1
github.com/Ulbora/Six910API-Go/order.go:38.16,43.14 5 1
github.com/Ulbora/Six910API-Go/order.go:43.14,45.4 1 1
github.com/Ulbora/Six910API-Go/order.go:52.76,58.16 6 1
github.com/Ulbora/Six910API-Go/order.go:67.2,68.13 2 1
github.com/Ulbora/Six910API-Go/order.go:58.16,63.14 5 1
github.com/Ulbora/Six910API-Go/order.go:63.14,65.4 1 1
github.com/Ulbora/Six910API-Go/order.go:72.70,86.2 11 1
github.com/Ulbora/Six910API-Go/order.go:89.77,104.2 11 1
github.com/Ulbora/Six910API-Go/order.go:107.71,121.2 10 1
github.com/Ulbora/Six910API-Go/order.go:124.94,138.2 10 1
github.com/Ulbora/Six910API-Go/order.go:141.80,155.2 10 1
github.com/Ulbora/Six910API-Go/order.go:158.80,172.2 10 1
github.com/Ulbora/Six910API-Go/order.go:175.71,189.2 11 1
github.com/Ulbora/Six910API-Go/product.go:38.79,44.16 6 1
github.com/Ulbora/Six910API-Go/product.go:53.2,54.13 2 1
github.com/Ulbora/Six910API-Go/product.go:44.16,49.14 5 1
github.com/Ulbora/Six910API-Go/product.go:49.14,51.4 1 1
github.com/Ulbora/Six910API-Go/product.go:58.80,64.16 6 1
github.com/Ulbora/Six910API-Go/product.go:73.2,74.13 2 1
github.com/Ulbora/Six910API-Go/product.go:64.16,69.14 5 1
github.com/Ulbora/Six910API-Go/product.go:69.14,71.4 1 1
github.com/Ulbora/Six910API-Go/product.go:78.88,84.16 6 1
github.com/Ulbora/Six910API-Go/product.go:93.2,94.13 2 1
github.com/Ulbora/Six910API-Go/product.go:84.16,89.15 5 1
github.com/Ulbora/Six910API-Go/product.go:89.15,91.4 1 1
github.com/Ulbora/Six910API-Go/product.go:98.78,112.2 11 1
github.com/Ulbora/Six910API-Go/product.go:115.92,129.2 11 1
github.com/Ulbora/Six910API-Go/product.go:132.101,148.2 12 1
github.com/Ulbora/Six910API-Go/product.go:151.110,167.2 12 1
github.com/Ulbora/Six910API-Go/product.go:170.114,187.2 13 1
github.com/Ulbora/Six910API-Go/product.go:190.94,206.2 12 1
github.com/Ulbora/Six910API-Go/product.go:209.65,225.2 10 1
github.com/Ulbora/Six910API-Go/product.go:228.95,234.16 6 1
github.com/Ulbora/Six910API-Go/product.go:240.2,241.13 2 1
github.com/Ulbora/Six910API-Go/product.go:234.16,239.3 4 1
github.com/Ulbora/Six910API-Go/product.go:245.73,259.2 11 1
github.com/Ulbora/Six910API-Go/storePlugin.go:32.89,38.16 6 1
github.com/Ulbora/Six910API-Go/storePlugin.go:47.2,48.13 2 1
github.com/Ulbora/Six910API-Go/storePlugin.go:38.16,43.14 5 1
github.com/Ulbora/Six910API-Go/storePlugin.go:43.14,45.4 1 1
github.com/Ulbora/Six910API-Go/storePlugin.go:52.90,58.16 6 1
github.com/Ulbora/Six910API-Go/storePlugin.go:67.2,68.13 2 1
github.com/Ulbora/Six910API-Go/storePlugin.go:58.16,63.14 5 1
github.com/Ulbora/Six910API-Go/storePlugin.go:63.14,65.4 1 1
github.com/Ulbora/Six910API-Go/storePlugin.go:72.83,86.2 11 1
github.com/Ulbora/Six910API-Go/storePlugin.go:89.79,103.2 10 1
github.com/Ulbora/Six910API-Go/storePlugin.go:106.77,120.2 11 1
github.com/Ulbora/Six910API-Go/taxRate.go:32.79,38.16 6 1
github.com/Ulbora/Six910API-Go/taxRate.go:47.2,48.13 2 1
github.com/Ulbora/Six910API-Go/taxRate.go:38.16,43.14 5 1
github.com/Ulbora/Six910API-Go/taxRate.go:43.14,45.4 1 1
github.com/Ulbora/Six910API-Go/taxRate.go:52.80,58.16 6 1
github.com/Ulbora/Six910API-Go/taxRate.go:67.2,68.13 2 1
github.com/Ulbora/Six910API-Go/taxRate.go:58.16,63.14 5 1
github.com/Ulbora/Six910API-Go/taxRate.go:63.14,65.4 1 1
github.com/Ulbora/Six910API-Go/taxRate.go:72.96,86.2 10 1
github.com/Ulbora/Six910API-Go/taxRate.go:89.70,103.2 10 1
github.com/Ulbora/Six910API-Go/taxRate.go:106.73,120.2 11 1
