mode: set
github.com/Ulbora/Six910API-Go/distributor.go:32.87,38.16 6 1
github.com/Ulbora/Six910API-Go/distributor.go:47.2,48.13 2 1
github.com/Ulbora/Six910API-Go/distributor.go:38.16,43.15 5 1
github.com/Ulbora/Six910API-Go/distributor.go:43.15,45.4 1 1
github.com/Ulbora/Six910API-Go/distributor.go:52.88,58.16 6 1
github.com/Ulbora/Six910API-Go/distributor.go:67.2,68.13 2 1
github.com/Ulbora/Six910API-Go/distributor.go:58.16,63.15 5 1
github.com/Ulbora/Six910API-Go/distributor.go:63.15,65.4 1 1
github.com/Ulbora/Six910API-Go/distributor.go:72.82,86.2 11 1
github.com/Ulbora/Six910API-Go/distributor.go:89.78,103.2 10 1
github.com/Ulbora/Six910API-Go/distributor.go:106.77,120.2 11 1
github.com/Ulbora/Six910API-Go/includedSubRegion.go:38.99,46.16 8 1
github.com/Ulbora/Six910API-Go/includedSubRegion.go:55.2,56.13 2 1
github.com/Ulbora/Six910API-Go/includedSubRegion.go:46.16,51.13 5 1
github.com/Ulbora/Six910API-Go/includedSubRegion.go:51.13,53.4 1 1
github.com/Ulbora/Six910API-Go/includedSubRegion.go:60.106,75.2 11 1
github.com/Ulbora/Six910API-Go/includedSubRegion.go:78.99,93.2 12 1
github.com/Ulbora/Six910API-Go/api.go:79.49,82.22 3 1
github.com/Ulbora/Six910API-Go/api.go:85.2,85.24 1 1
github.com/Ulbora/Six910API-Go/api.go:82.22,84.3 1 1
github.com/Ulbora/Six910API-Go/dataStoreWriteLock.go:32.99,38.16 6 1
github.com/Ulbora/Six910API-Go/dataStoreWriteLock.go:47.2,48.13 2 1
github.com/Ulbora/Six910API-Go/dataStoreWriteLock.go:38.16,43.14 5 1
github.com/Ulbora/Six910API-Go/dataStoreWriteLock.go:43.14,45.4 1 1
github.com/Ulbora/Six910API-Go/dataStoreWriteLock.go:52.102,58.16 6 1
github.com/Ulbora/Six910API-Go/dataStoreWriteLock.go:67.2,68.13 2 1
github.com/Ulbora/Six910API-Go/dataStoreWriteLock.go:58.16,63.14 5 1
github.com/Ulbora/Six910API-Go/dataStoreWriteLock.go:63.14,65.4 1 1
github.com/Ulbora/Six910API-Go/dataStoreWriteLock.go:72.104,85.2 10 1
github.com/Ulbora/Six910API-Go/customer.go:32.81,38.16 6 1
github.com/Ulbora/Six910API-Go/customer.go:47.2,48.13 2 1
github.com/Ulbora/Six910API-Go/customer.go:38.16,43.14 5 1
github.com/Ulbora/Six910API-Go/customer.go:43.14,45.4 1 1
github.com/Ulbora/Six910API-Go/customer.go:52.82,58.16 6 1
github.com/Ulbora/Six910API-Go/customer.go:67.2,68.13 2 1
github.com/Ulbora/Six910API-Go/customer.go:58.16,63.15 5 1
github.com/Ulbora/Six910API-Go/customer.go:63.15,65.4 1 1
github.com/Ulbora/Six910API-Go/customer.go:72.80,85.2 10 1
github.com/Ulbora/Six910API-Go/customer.go:88.78,102.2 11 1
github.com/Ulbora/Six910API-Go/customer.go:105.72,119.2 10 1
github.com/Ulbora/Six910API-Go/customer.go:122.74,136.2 11 1
github.com/Ulbora/Six910API-Go/excludedSubRegion.go:38.99,46.16 8 1
github.com/Ulbora/Six910API-Go/excludedSubRegion.go:55.2,56.13 2 1
github.com/Ulbora/Six910API-Go/excludedSubRegion.go:46.16,51.13 5 1
github.com/Ulbora/Six910API-Go/excludedSubRegion.go:51.13,53.4 1 1
github.com/Ulbora/Six910API-Go/excludedSubRegion.go:60.106,75.2 11 1
github.com/Ulbora/Six910API-Go/excludedSubRegion.go:78.99,93.2 12 1
github.com/Ulbora/Six910API-Go/insurance.go:32.83,38.16 6 1
github.com/Ulbora/Six910API-Go/insurance.go:47.2,48.13 2 1
github.com/Ulbora/Six910API-Go/insurance.go:38.16,43.15 5 1
github.com/Ulbora/Six910API-Go/insurance.go:43.15,45.4 1 1
github.com/Ulbora/Six910API-Go/insurance.go:52.84,58.16 6 1
github.com/Ulbora/Six910API-Go/insurance.go:67.2,68.13 2 1
github.com/Ulbora/Six910API-Go/insurance.go:58.16,63.16 5 1
github.com/Ulbora/Six910API-Go/insurance.go:63.16,65.4 1 1
github.com/Ulbora/Six910API-Go/insurance.go:72.78,86.2 11 1
github.com/Ulbora/Six910API-Go/insurance.go:89.74,103.2 10 1
github.com/Ulbora/Six910API-Go/insurance.go:106.75,120.2 11 1
github.com/Ulbora/Six910API-Go/cart.go:32.73,38.16 6 1
github.com/Ulbora/Six910API-Go/cart.go:47.2,48.13 2 1
github.com/Ulbora/Six910API-Go/cart.go:38.16,43.13 5 1
github.com/Ulbora/Six910API-Go/cart.go:43.13,45.4 1 1
github.com/Ulbora/Six910API-Go/cart.go:52.74,58.16 6 1
github.com/Ulbora/Six910API-Go/cart.go:67.2,68.13 2 1
github.com/Ulbora/Six910API-Go/cart.go:58.16,63.13 5 1
github.com/Ulbora/Six910API-Go/cart.go:63.13,65.4 1 1
github.com/Ulbora/Six910API-Go/cart.go:72.69,86.2 11 1
github.com/Ulbora/Six910API-Go/cart.go:89.81,104.2 12 1
github.com/Ulbora/Six910API-Go/category.go:32.81,38.16 6 1
github.com/Ulbora/Six910API-Go/category.go:47.2,48.13 2 1
github.com/Ulbora/Six910API-Go/category.go:38.16,43.13 5 1
github.com/Ulbora/Six910API-Go/category.go:43.13,45.4 1 1
github.com/Ulbora/Six910API-Go/category.go:52.82,58.16 6 1
github.com/Ulbora/Six910API-Go/category.go:67.2,68.13 2 1
github.com/Ulbora/Six910API-Go/category.go:58.16,63.14 5 1
github.com/Ulbora/Six910API-Go/category.go:63.14,65.4 1 1
github.com/Ulbora/Six910API-Go/category.go:72.76,86.2 11 1
github.com/Ulbora/Six910API-Go/category.go:89.72,103.2 10 1
github.com/Ulbora/Six910API-Go/category.go:106.88,120.2 9 1
github.com/Ulbora/Six910API-Go/category.go:123.74,137.2 11 1
github.com/Ulbora/Six910API-Go/address.go:38.80,47.16 8 1
github.com/Ulbora/Six910API-Go/address.go:56.2,57.13 2 1
github.com/Ulbora/Six910API-Go/address.go:47.16,52.11 5 1
github.com/Ulbora/Six910API-Go/address.go:52.11,54.4 1 1
github.com/Ulbora/Six910API-Go/address.go:61.81,70.16 8 1
github.com/Ulbora/Six910API-Go/address.go:79.2,80.13 2 1
github.com/Ulbora/Six910API-Go/address.go:70.16,75.13 5 1
github.com/Ulbora/Six910API-Go/address.go:75.13,77.4 1 1
github.com/Ulbora/Six910API-Go/address.go:84.85,100.2 12 1
github.com/Ulbora/Six910API-Go/address.go:103.81,118.2 11 1
github.com/Ulbora/Six910API-Go/address.go:121.84,137.2 12 1
github.com/Ulbora/Six910API-Go/instance.go:32.80,38.16 6 1
github.com/Ulbora/Six910API-Go/instance.go:47.2,48.13 2 1
github.com/Ulbora/Six910API-Go/instance.go:38.16,43.15 5 1
github.com/Ulbora/Six910API-Go/instance.go:43.15,45.4 1 1
github.com/Ulbora/Six910API-Go/instance.go:52.83,58.16 6 1
github.com/Ulbora/Six910API-Go/instance.go:67.2,68.13 2 1
github.com/Ulbora/Six910API-Go/instance.go:58.16,63.15 5 1
github.com/Ulbora/Six910API-Go/instance.go:63.15,65.4 1 1
github.com/Ulbora/Six910API-Go/instance.go:72.102,85.2 10 1
github.com/Ulbora/Six910API-Go/instance.go:88.95,102.2 10 1
github.com/Ulbora/Six910API-Go/six910Api.go:45.34,54.2 6 1
github.com/Ulbora/Six910API-Go/six910Api.go:56.107,59.20 3 1
github.com/Ulbora/Six910API-Go/six910Api.go:62.2,64.37 3 1
github.com/Ulbora/Six910API-Go/six910Api.go:70.2,71.16 2 1
github.com/Ulbora/Six910API-Go/six910Api.go:77.2,77.12 1 1
github.com/Ulbora/Six910API-Go/six910Api.go:59.20,61.3 1 1
github.com/Ulbora/Six910API-Go/six910Api.go:64.37,67.3 2 1
github.com/Ulbora/Six910API-Go/six910Api.go:67.8,69.3 1 1
github.com/Ulbora/Six910API-Go/six910Api.go:71.16,72.37 1 1
github.com/Ulbora/Six910API-Go/six910Api.go:72.37,75.4 2 1
github.com/Ulbora/Six910API-Go/six910Api.go:80.56,81.20 1 1
github.com/Ulbora/Six910API-Go/six910Api.go:92.2,93.18 2 1
github.com/Ulbora/Six910API-Go/six910Api.go:81.20,88.10 7 1
github.com/Ulbora/Six910API-Go/six910Api.go:88.10,90.4 1 1
github.com/Ulbora/Six910API-Go/six910Api.go:97.44,99.2 1 1
github.com/Ulbora/Six910API-Go/six910Api.go:102.68,105.2 2 1
github.com/Ulbora/Six910API-Go/six910Api.go:108.44,110.2 1 1
github.com/Ulbora/Six910API-Go/six910Api.go:113.43,115.2 1 1
github.com/Ulbora/Six910API-Go/six910Api.go:118.51,120.2 1 1
github.com/Ulbora/Six910API-Go/cartItem.go:39.93,48.16 9 1
github.com/Ulbora/Six910API-Go/cartItem.go:57.2,58.13 2 1
github.com/Ulbora/Six910API-Go/cartItem.go:48.16,53.14 5 1
github.com/Ulbora/Six910API-Go/cartItem.go:53.14,55.4 1 1
github.com/Ulbora/Six910API-Go/cartItem.go:62.94,71.16 9 1
github.com/Ulbora/Six910API-Go/cartItem.go:80.2,81.13 2 1
github.com/Ulbora/Six910API-Go/cartItem.go:71.16,76.14 5 1
github.com/Ulbora/Six910API-Go/cartItem.go:76.14,78.4 1 1
github.com/Ulbora/Six910API-Go/cartItem.go:85.91,99.2 12 1
github.com/Ulbora/Six910API-Go/cartItem.go:102.97,118.2 12 1
github.com/Ulbora/Six910API-Go/cartItem.go:121.102,137.2 11 1
github.com/Ulbora/Six910API-Go/datastore.go:32.91,38.16 6 1
github.com/Ulbora/Six910API-Go/datastore.go:47.2,48.13 2 1
github.com/Ulbora/Six910API-Go/datastore.go:38.16,43.14 5 1
github.com/Ulbora/Six910API-Go/datastore.go:43.14,45.4 1 1
github.com/Ulbora/Six910API-Go/datastore.go:52.94,58.16 6 1
github.com/Ulbora/Six910API-Go/datastore.go:67.2,68.13 2 1
github.com/Ulbora/Six910API-Go/datastore.go:58.16,63.14 5 1
github.com/Ulbora/Six910API-Go/datastore.go:63.14,65.4 1 1
github.com/Ulbora/Six910API-Go/datastore.go:72.100,85.2 10 1
